<?xml version="1.0" encoding="UTF-8"?>
<testsuite xmlns:xsi="http://www.w3.org/2001/XMLSchema-instance" xsi:noNamespaceSchemaLocation="https://maven.apache.org/surefire/maven-surefire-plugin/xsd/surefire-test-report.xsd" name="com.example.StringCalculatorTest" time="0.016" tests="8" errors="0" skipped="0" failures="0">
  <properties>
[...]
</properties>
  <testcase name="testEmptyStringReturnsZero" classname="com.example.StringCalculatorTest" time="0.007"/>
  <testcase name="testMultipleNumbersCommaSeparatedReturnsSum" classname="com.example.StringCalculatorTest" time="0"/>
  <testcase name="testNegativeNumberThrowsException" classname="com.example.StringCalculatorTest" time="0.001"/>
  <testcase name="testTwoNumbersCommmaSeparatedReturnsSum" classname="com.example.StringCalculatorTest" time="0.001"/>
  <testcase name="testNewlinesBetweenReturnsSum" classname="com.example.StringCalculatorTest" time="0"/>
  <testcase name="testMultipleNegativeNumbersThrowExceptionListingAll" classname="com.example.StringCalculatorTest" time="0.001"/>
  <testcase name="testCustomDelimiterReturnsSum" classname="com.example.StringCalculatorTest" time="0"/>
  <testcase name="testSingleNumberReturnsValue" classname="com.example.StringCalculatorTest" time="0"/>
</testsuite>